<?xml version="1.0" encoding="UTF-8"?>
<!-- Generated by org.testng.reporters.JUnitReportReporter -->
<testsuite hostname="DESKTOP-NPNNVAF" failures="0" tests="3" name="RaviSelenium.RaviTest1" time="0.055" errors="0" timestamp="26 Aug 2018 11:56:54 GMT" skipped="0">
  <testcase classname="RaviSelenium.RaviTest1" name="testOne" time="0.044"/>
  <testcase classname="RaviSelenium.RaviTest1" name="testTwo" time="0.005"/>
  <testcase classname="RaviSelenium.RaviTest1" name="testFive" time="0.006"/>
</testsuite> <!-- RaviSelenium.RaviTest1 -->
