<?xml version="1.0" encoding="UTF-8"?>
<!-- Generated by org.testng.reporters.JUnitReportReporter -->
<testsuite hostname="DESKTOP-NPNNVAF" failures="0" tests="1" name="Script.TestScript1" time="16.864" errors="0" timestamp="11 Aug 2018 13:25:14 GMT" skipped="0">
  <testcase classname="Script.TestScript1" name="testGoogleLink" time="16.864"/>
</testsuite> <!-- Script.TestScript1 -->
