<?xml version="1.0" encoding="UTF-8"?>
<!-- Generated by org.testng.reporters.JUnitReportReporter -->
<testsuite hostname="DESKTOP-NPNNVAF" failures="0" tests="1" name="Script.TestScript2" time="48.606" errors="0" timestamp="11 Aug 2018 13:25:13 GMT" skipped="0">
  <testcase classname="Script.TestScript2" name="testFacebookLink" time="48.606"/>
</testsuite> <!-- Script.TestScript2 -->
